{"level":"info","message":"::1 - - [Thu, 27 Jan 2022 09:13:45 GMT] Protocol - http \"POST /customer/getData HTTP/1.1\" 500 1320 24.096 ms \"-\" \"PostmanRuntime/7.28.4\"\n","timestamp":"2022-01-27T09:13:45.754Z"}
{"level":"info","message":"::1 - - [Thu, 27 Jan 2022 09:18:06 GMT] Protocol - http \"POST /customer/getData HTTP/1.1\" 200 29 31.753 ms \"-\" \"PostmanRuntime/7.28.4\"\n","timestamp":"2022-01-27T09:18:06.396Z"}
{"level":"info","message":"::1 - - [Thu, 27 Jan 2022 09:18:45 GMT] Protocol - http \"POST /customer/getData HTTP/1.1\" 200 200 28.499 ms \"-\" \"PostmanRuntime/7.28.4\"\n","timestamp":"2022-01-27T09:18:45.879Z"}
{"level":"info","message":"::1 - - [Thu, 27 Jan 2022 09:19:30 GMT] Protocol - http \"POST /customer/getData HTTP/1.1\" 200 200 28.770 ms \"-\" \"PostmanRuntime/7.28.4\"\n","timestamp":"2022-01-27T09:19:30.569Z"}
{"level":"info","message":"::1 - - [Thu, 27 Jan 2022 09:21:55 GMT] Protocol - http \"POST /customer/getData HTTP/1.1\" 200 200 31.320 ms \"-\" \"PostmanRuntime/7.28.4\"\n","timestamp":"2022-01-27T09:21:55.277Z"}
{"level":"info","message":"::1 - - [Thu, 27 Jan 2022 09:36:57 GMT] Protocol - http \"POST /customer/getData HTTP/1.1\" 200 200 55.383 ms \"-\" \"PostmanRuntime/7.28.4\"\n","timestamp":"2022-01-27T09:36:57.620Z"}
{"level":"info","message":"::1 - - [Thu, 27 Jan 2022 09:47:02 GMT] Protocol - http \"POST /customer/getData HTTP/1.1\" 401 58 31.389 ms \"-\" \"PostmanRuntime/7.28.4\"\n","timestamp":"2022-01-27T09:47:02.789Z"}
{"level":"info","message":"::1 - - [Thu, 27 Jan 2022 10:52:20 GMT] Protocol - http \"POST //customer/getData HTTP/1.1\" 404 157 2026.002 ms \"-\" \"PostmanRuntime/7.29.0\"\n","timestamp":"2022-01-27T10:52:20.138Z"}
{"level":"info","message":"::1 - - [Thu, 27 Jan 2022 10:54:47 GMT] Protocol - http \"POST //customer/getData HTTP/1.1\" 404 157 17.676 ms \"-\" \"PostmanRuntime/7.29.0\"\n","timestamp":"2022-01-27T10:54:47.863Z"}
{"level":"info","message":"::1 - - [Thu, 27 Jan 2022 10:56:34 GMT] Protocol - http \"POST //customer/getData HTTP/1.1\" 404 157 14.287 ms \"-\" \"PostmanRuntime/7.29.0\"\n","timestamp":"2022-01-27T10:56:34.205Z"}
{"level":"info","message":"::1 - - [Thu, 27 Jan 2022 10:58:34 GMT] Protocol - http \"POST /customer/getData HTTP/1.1\" 200 206 24.931 ms \"-\" \"PostmanRuntime/7.29.0\"\n","timestamp":"2022-01-27T10:58:34.660Z"}
{"level":"info","message":"::1 - - [Thu, 27 Jan 2022 11:20:23 GMT] Protocol - http \"POST /customer/addData HTTP/1.1\" 500 72 24.836 ms \"-\" \"PostmanRuntime/7.29.0\"\n","timestamp":"2022-01-27T11:20:23.060Z"}
{"level":"info","message":"::1 - - [Thu, 27 Jan 2022 11:25:07 GMT] Protocol - http \"POST /customer/addData HTTP/1.1\" 500 72 33.262 ms \"-\" \"PostmanRuntime/7.29.0\"\n","timestamp":"2022-01-27T11:25:07.133Z"}
{"level":"info","message":"::1 - - [Thu, 27 Jan 2022 11:26:04 GMT] Protocol - http \"POST /customer/addData HTTP/1.1\" 500 72 29.291 ms \"-\" \"PostmanRuntime/7.29.0\"\n","timestamp":"2022-01-27T11:26:04.622Z"}
{"level":"info","message":"::1 - - [Thu, 27 Jan 2022 11:28:36 GMT] Protocol - http \"POST /customer/addData HTTP/1.1\" 500 72 27.485 ms \"-\" \"PostmanRuntime/7.29.0\"\n","timestamp":"2022-01-27T11:28:36.586Z"}
{"level":"info","message":"::1 - - [Thu, 27 Jan 2022 11:31:52 GMT] Protocol - http \"POST /customer/addData HTTP/1.1\" 500 1500 19.849 ms \"-\" \"PostmanRuntime/7.29.0\"\n","timestamp":"2022-01-27T11:31:52.514Z"}
{"level":"info","message":"::1 - - [Thu, 27 Jan 2022 11:38:57 GMT] Protocol - http \"POST /customer/addData HTTP/1.1\" 500 1500 17.356 ms \"-\" \"PostmanRuntime/7.29.0\"\n","timestamp":"2022-01-27T11:38:57.271Z"}
{"level":"info","message":"::1 - - [Thu, 27 Jan 2022 11:41:28 GMT] Protocol - http \"POST /customer/addData HTTP/1.1\" 500 61 27.234 ms \"-\" \"PostmanRuntime/7.29.0\"\n","timestamp":"2022-01-27T11:41:28.187Z"}
{"level":"info","message":"::1 - - [Thu, 27 Jan 2022 11:43:05 GMT] Protocol - http \"POST /customer/addData HTTP/1.1\" 500 61 30.053 ms \"-\" \"PostmanRuntime/7.29.0\"\n","timestamp":"2022-01-27T11:43:05.389Z"}
{"level":"info","message":"::1 - - [Thu, 27 Jan 2022 11:47:28 GMT] Protocol - http \"POST /customer/addData HTTP/1.1\" 500 61 27.967 ms \"-\" \"PostmanRuntime/7.29.0\"\n","timestamp":"2022-01-27T11:47:28.218Z"}
{"level":"info","message":"::1 - - [Thu, 27 Jan 2022 11:47:52 GMT] Protocol - http \"POST /customer/addData HTTP/1.1\" 500 61 23.922 ms \"-\" \"PostmanRuntime/7.29.0\"\n","timestamp":"2022-01-27T11:47:52.387Z"}
{"level":"info","message":"::1 - - [Thu, 27 Jan 2022 11:48:34 GMT] Protocol - http \"POST /customer/addData HTTP/1.1\" 500 61 26.856 ms \"-\" \"PostmanRuntime/7.29.0\"\n","timestamp":"2022-01-27T11:48:34.181Z"}
{"level":"info","message":"::1 - - [Thu, 27 Jan 2022 11:52:21 GMT] Protocol - http \"POST /customer/addData HTTP/1.1\" 500 61 23.902 ms \"-\" \"PostmanRuntime/7.29.0\"\n","timestamp":"2022-01-27T11:52:21.329Z"}
{"level":"info","message":"::1 - - [Thu, 27 Jan 2022 12:08:00 GMT] Protocol - http \"POST /customer/addData HTTP/1.1\" 500 61 20.931 ms \"-\" \"PostmanRuntime/7.29.0\"\n","timestamp":"2022-01-27T12:08:00.389Z"}
{"level":"info","message":"::1 - - [Thu, 27 Jan 2022 12:08:43 GMT] Protocol - http \"POST /customer/addData HTTP/1.1\" 500 61 26.564 ms \"-\" \"PostmanRuntime/7.29.0\"\n","timestamp":"2022-01-27T12:08:43.095Z"}
{"level":"info","message":"::1 - - [Thu, 27 Jan 2022 12:09:00 GMT] Protocol - http \"POST /customer/addData HTTP/1.1\" 500 61 29.290 ms \"-\" \"PostmanRuntime/7.29.0\"\n","timestamp":"2022-01-27T12:09:00.912Z"}
{"level":"info","message":"::1 - - [Thu, 27 Jan 2022 12:10:32 GMT] Protocol - http \"POST /customer/addData HTTP/1.1\" - - - ms \"-\" \"PostmanRuntime/7.29.0\"\n","timestamp":"2022-01-27T12:10:32.591Z"}
{"level":"info","message":"::1 - - [Thu, 27 Jan 2022 12:13:29 GMT] Protocol - http \"POST /customer/addData HTTP/1.1\" 200 890 41.907 ms \"-\" \"PostmanRuntime/7.29.0\"\n","timestamp":"2022-01-27T12:13:29.508Z"}
{"level":"info","message":"::1 - - [Thu, 27 Jan 2022 12:19:14 GMT] Protocol - http \"POST /customer/addData HTTP/1.1\" 500 1500 22.760 ms \"-\" \"PostmanRuntime/7.29.0\"\n","timestamp":"2022-01-27T12:19:14.664Z"}
{"level":"info","message":"::1 - - [Thu, 27 Jan 2022 12:20:06 GMT] Protocol - http \"POST /customer/addData HTTP/1.1\" 500 1500 21.693 ms \"-\" \"PostmanRuntime/7.29.0\"\n","timestamp":"2022-01-27T12:20:06.581Z"}
{"level":"info","message":"::1 - - [Thu, 27 Jan 2022 12:20:39 GMT] Protocol - http \"POST /customer/addData HTTP/1.1\" 200 889 35.965 ms \"-\" \"PostmanRuntime/7.29.0\"\n","timestamp":"2022-01-27T12:20:39.290Z"}
{"level":"info","message":"::1 - - [Thu, 27 Jan 2022 12:48:54 GMT] Protocol - http \"POST /customer/updateData HTTP/1.1\" 200 200 63.419 ms \"-\" \"PostmanRuntime/7.29.0\"\n","timestamp":"2022-01-27T12:48:54.607Z"}
{"level":"info","message":"::1 - - [Thu, 27 Jan 2022 12:59:43 GMT] Protocol - http \"POST /customer/updateData HTTP/1.1\" 400 1067 15.046 ms \"-\" \"PostmanRuntime/7.29.0\"\n","timestamp":"2022-01-27T12:59:43.634Z"}
{"level":"info","message":"::1 - - [Thu, 27 Jan 2022 13:04:09 GMT] Protocol - http \"POST /customer/updateData HTTP/1.1\" 400 1067 16.517 ms \"-\" \"PostmanRuntime/7.29.0\"\n","timestamp":"2022-01-27T13:04:09.728Z"}
{"level":"info","message":"::1 - - [Thu, 27 Jan 2022 13:09:48 GMT] Protocol - http \"POST /customer/addData HTTP/1.1\" 200 1053 1088.689 ms \"-\" \"PostmanRuntime/7.29.0\"\n","timestamp":"2022-01-27T13:09:48.819Z"}
{"level":"info","message":"::1 - - [Thu, 27 Jan 2022 13:13:06 GMT] Protocol - http \"POST /customer/addData HTTP/1.1\" 200 1215 36.526 ms \"-\" \"PostmanRuntime/7.29.0\"\n","timestamp":"2022-01-27T13:13:06.584Z"}
{"level":"info","message":"::1 - - [Thu, 27 Jan 2022 13:15:13 GMT] Protocol - http \"POST /customer/addData HTTP/1.1\" 400 55 20.753 ms \"-\" \"PostmanRuntime/7.29.0\"\n","timestamp":"2022-01-27T13:15:13.197Z"}
{"level":"info","message":"::1 - - [Thu, 27 Jan 2022 13:16:25 GMT] Protocol - http \"POST /customer/addData HTTP/1.1\" 200 1373 49.509 ms \"-\" \"PostmanRuntime/7.29.0\"\n","timestamp":"2022-01-27T13:16:25.822Z"}
{"level":"info","message":"::1 - - [Thu, 27 Jan 2022 13:23:24 GMT] Protocol - http \"POST /customer/addData HTTP/1.1\" 400 1067 12.060 ms \"-\" \"PostmanRuntime/7.29.0\"\n","timestamp":"2022-01-27T13:23:24.814Z"}
{"level":"info","message":"::1 - - [Thu, 27 Jan 2022 13:24:51 GMT] Protocol - http \"POST /customer/addData HTTP/1.1\" 400 1067 19.385 ms \"-\" \"PostmanRuntime/7.29.0\"\n","timestamp":"2022-01-27T13:24:51.440Z"}
{"level":"info","message":"::1 - - [Thu, 27 Jan 2022 13:27:59 GMT] Protocol - http \"POST /customer/addData HTTP/1.1\" 400 1067 16.018 ms \"-\" \"PostmanRuntime/7.29.0\"\n","timestamp":"2022-01-27T13:27:59.080Z"}
{"level":"info","message":"::1 - - [Thu, 27 Jan 2022 13:30:36 GMT] Protocol - http \"POST /customer/addData HTTP/1.1\" 400 1067 11.917 ms \"-\" \"PostmanRuntime/7.29.0\"\n","timestamp":"2022-01-27T13:30:36.662Z"}
{"level":"info","message":"::1 - - [Thu, 27 Jan 2022 13:31:31 GMT] Protocol - http \"POST /customer/addData HTTP/1.1\" 400 55 42.458 ms \"-\" \"PostmanRuntime/7.29.0\"\n","timestamp":"2022-01-27T13:31:31.188Z"}
{"level":"info","message":"::1 - - [Thu, 27 Jan 2022 13:32:15 GMT] Protocol - http \"POST /customer/addData HTTP/1.1\" 400 55 19.386 ms \"-\" \"PostmanRuntime/7.29.0\"\n","timestamp":"2022-01-27T13:32:15.176Z"}
{"level":"info","message":"::1 - - [Thu, 27 Jan 2022 13:34:22 GMT] Protocol - http \"POST /customer/addData HTTP/1.1\" 400 55 27.843 ms \"-\" \"PostmanRuntime/7.29.0\"\n","timestamp":"2022-01-27T13:34:22.188Z"}
{"level":"info","message":"::1 - - [Thu, 27 Jan 2022 13:36:46 GMT] Protocol - http \"POST /customer/addData HTTP/1.1\" 400 55 22.679 ms \"-\" \"PostmanRuntime/7.29.0\"\n","timestamp":"2022-01-27T13:36:46.427Z"}
{"level":"info","message":"::1 - - [Thu, 27 Jan 2022 13:37:56 GMT] Protocol - http \"POST /customer/addData HTTP/1.1\" 200 1537 1076.831 ms \"-\" \"PostmanRuntime/7.29.0\"\n","timestamp":"2022-01-27T13:37:56.830Z"}
{"level":"info","message":"::1 - - [Thu, 27 Jan 2022 13:38:10 GMT] Protocol - http \"POST /customer/updateData HTTP/1.1\" 500 59 37.280 ms \"-\" \"PostmanRuntime/7.29.0\"\n","timestamp":"2022-01-27T13:38:10.600Z"}
{"level":"info","message":"::1 - - [Thu, 27 Jan 2022 13:39:06 GMT] Protocol - http \"POST /customer/updateData HTTP/1.1\" 500 59 33.642 ms \"-\" \"PostmanRuntime/7.29.0\"\n","timestamp":"2022-01-27T13:39:06.856Z"}
{"level":"info","message":"::1 - - [Thu, 27 Jan 2022 13:40:56 GMT] Protocol - http \"POST /customer/updateData HTTP/1.1\" 500 59 37.584 ms \"-\" \"PostmanRuntime/7.29.0\"\n","timestamp":"2022-01-27T13:40:56.222Z"}
{"level":"info","message":"::1 - - [Thu, 27 Jan 2022 13:42:35 GMT] Protocol - http \"POST /customer/updateData HTTP/1.1\" 500 59 18.983 ms \"-\" \"PostmanRuntime/7.29.0\"\n","timestamp":"2022-01-27T13:42:35.602Z"}
{"level":"info","message":"::1 - - [Thu, 27 Jan 2022 13:43:15 GMT] Protocol - http \"POST /customer/updateData HTTP/1.1\" 500 59 22.611 ms \"-\" \"PostmanRuntime/7.29.0\"\n","timestamp":"2022-01-27T13:43:15.027Z"}
{"level":"info","message":"::1 - - [Thu, 27 Jan 2022 16:14:06 GMT] Protocol - http \"POST /customer/addData HTTP/1.1\" 400 1055 1107.176 ms \"-\" \"PostmanRuntime/7.29.0\"\n","timestamp":"2022-01-27T16:14:06.217Z"}
{"level":"info","message":"::1 - - [Thu, 27 Jan 2022 16:17:00 GMT] Protocol - http \"POST /customer/addData HTTP/1.1\" 400 1055 28.725 ms \"-\" \"PostmanRuntime/7.29.0\"\n","timestamp":"2022-01-27T16:17:00.916Z"}
{"level":"info","message":"::1 - - [Thu, 27 Jan 2022 16:19:51 GMT] Protocol - http \"POST /customer/addData HTTP/1.1\" 400 1055 40.172 ms \"-\" \"PostmanRuntime/7.29.0\"\n","timestamp":"2022-01-27T16:19:51.449Z"}
{"level":"info","message":"::1 - - [Thu, 27 Jan 2022 16:20:27 GMT] Protocol - http \"POST /customer/addData HTTP/1.1\" 200 1530 60.491 ms \"-\" \"PostmanRuntime/7.29.0\"\n","timestamp":"2022-01-27T16:20:27.575Z"}
{"level":"info","message":"::1 - - [Thu, 27 Jan 2022 16:24:25 GMT] Protocol - http \"POST /customer/updateData HTTP/1.1\" 500 59 17.787 ms \"-\" \"PostmanRuntime/7.29.0\"\n","timestamp":"2022-01-27T16:24:25.190Z"}
{"level":"info","message":"::1 - - [Thu, 27 Jan 2022 16:25:04 GMT] Protocol - http \"POST /customer/updateData HTTP/1.1\" 200 196 44.733 ms \"-\" \"PostmanRuntime/7.29.0\"\n","timestamp":"2022-01-27T16:25:04.917Z"}
{"level":"info","message":"::1 - - [Thu, 27 Jan 2022 16:30:48 GMT] Protocol - http \"POST /customer/updateData HTTP/1.1\" 200 198 65.230 ms \"-\" \"PostmanRuntime/7.29.0\"\n","timestamp":"2022-01-27T16:30:48.293Z"}
{"level":"info","message":"::1 - - [Thu, 27 Jan 2022 16:45:01 GMT] Protocol - http \"POST /customer/updateData HTTP/1.1\" 500 59 67.319 ms \"-\" \"PostmanRuntime/7.29.0\"\n","timestamp":"2022-01-27T16:45:01.440Z"}
{"level":"info","message":"::1 - - [Thu, 27 Jan 2022 16:46:00 GMT] Protocol - http \"POST /customer/updateData HTTP/1.1\" 500 59 28.873 ms \"-\" \"PostmanRuntime/7.29.0\"\n","timestamp":"2022-01-27T16:46:00.135Z"}
{"level":"info","message":"::1 - - [Thu, 27 Jan 2022 16:46:35 GMT] Protocol - http \"POST /customer/updateData HTTP/1.1\" 200 1528 41.355 ms \"-\" \"PostmanRuntime/7.29.0\"\n","timestamp":"2022-01-27T16:46:35.011Z"}
{"level":"info","message":"::1 - - [Thu, 27 Jan 2022 16:50:57 GMT] Protocol - http \"POST /customer/addData HTTP/1.1\" 500 59 62.761 ms \"-\" \"PostmanRuntime/7.29.0\"\n","timestamp":"2022-01-27T16:50:57.086Z"}
{"level":"info","message":"::1 - - [Thu, 27 Jan 2022 17:08:19 GMT] Protocol - http \"POST /customer/addData HTTP/1.1\" 200 1689 108.006 ms \"-\" \"PostmanRuntime/7.29.0\"\n","timestamp":"2022-01-27T17:08:19.991Z"}
{"level":"info","message":"::1 - - [Fri, 28 Jan 2022 06:51:29 GMT] Protocol - http \"POST /customer/updateData HTTP/1.1\" 200 1689 1158.041 ms \"-\" \"PostmanRuntime/7.29.0\"\n","timestamp":"2022-01-28T06:51:29.234Z"}
{"level":"info","message":"::1 - - [Fri, 28 Jan 2022 06:51:58 GMT] Protocol - http \"POST /customer/updateData HTTP/1.1\" 200 1689 92.477 ms \"-\" \"PostmanRuntime/7.29.0\"\n","timestamp":"2022-01-28T06:51:58.532Z"}
{"level":"info","message":"::1 - - [Fri, 28 Jan 2022 06:53:31 GMT] Protocol - http \"POST /customer/updateData HTTP/1.1\" 200 1689 87.740 ms \"-\" \"PostmanRuntime/7.29.0\"\n","timestamp":"2022-01-28T06:53:31.821Z"}
{"level":"info","message":"::1 - - [Fri, 28 Jan 2022 06:54:49 GMT] Protocol - http \"POST /customer/updateData HTTP/1.1\" 200 1689 84.702 ms \"-\" \"PostmanRuntime/7.29.0\"\n","timestamp":"2022-01-28T06:54:49.457Z"}
{"level":"info","message":"::1 - - [Fri, 28 Jan 2022 06:56:49 GMT] Protocol - http \"POST /customer/updateData HTTP/1.1\" 200 1689 1076.265 ms \"-\" \"PostmanRuntime/7.29.0\"\n","timestamp":"2022-01-28T06:56:49.802Z"}
{"level":"info","message":"::1 - - [Fri, 28 Jan 2022 06:57:42 GMT] Protocol - http \"POST /customer/updateData HTTP/1.1\" 200 1689 63.995 ms \"-\" \"PostmanRuntime/7.29.0\"\n","timestamp":"2022-01-28T06:57:42.680Z"}
{"level":"info","message":"::1 - - [Fri, 28 Jan 2022 06:58:10 GMT] Protocol - http \"POST /customer/updateData HTTP/1.1\" 200 1689 73.714 ms \"-\" \"PostmanRuntime/7.29.0\"\n","timestamp":"2022-01-28T06:58:10.332Z"}
{"level":"info","message":"::1 - - [Fri, 28 Jan 2022 06:59:58 GMT] Protocol - http \"POST /customer/updateData HTTP/1.1\" 200 1689 80.710 ms \"-\" \"PostmanRuntime/7.29.0\"\n","timestamp":"2022-01-28T06:59:58.819Z"}
{"level":"info","message":"::1 - - [Fri, 28 Jan 2022 07:00:24 GMT] Protocol - http \"POST /customer/updateData HTTP/1.1\" 200 1689 80.441 ms \"-\" \"PostmanRuntime/7.29.0\"\n","timestamp":"2022-01-28T07:00:24.989Z"}
{"level":"info","message":"::1 - - [Fri, 28 Jan 2022 07:00:43 GMT] Protocol - http \"POST /customer/updateData HTTP/1.1\" 200 1689 70.476 ms \"-\" \"PostmanRuntime/7.29.0\"\n","timestamp":"2022-01-28T07:00:43.908Z"}
{"level":"info","message":"::1 - - [Fri, 28 Jan 2022 07:01:48 GMT] Protocol - http \"POST /customer/updateData HTTP/1.1\" 200 1689 100.294 ms \"-\" \"PostmanRuntime/7.29.0\"\n","timestamp":"2022-01-28T07:01:48.552Z"}
{"level":"info","message":"::1 - - [Fri, 28 Jan 2022 07:02:08 GMT] Protocol - http \"POST /customer/updateData HTTP/1.1\" 200 1689 95.949 ms \"-\" \"PostmanRuntime/7.29.0\"\n","timestamp":"2022-01-28T07:02:08.302Z"}
{"level":"info","message":"::1 - - [Fri, 28 Jan 2022 07:03:00 GMT] Protocol - http \"POST /customer/updateData HTTP/1.1\" 200 1689 93.022 ms \"-\" \"PostmanRuntime/7.29.0\"\n","timestamp":"2022-01-28T07:03:00.739Z"}
{"level":"info","message":"::1 - - [Fri, 28 Jan 2022 07:03:23 GMT] Protocol - http \"POST /customer/updateData HTTP/1.1\" 200 1689 41.485 ms \"-\" \"PostmanRuntime/7.29.0\"\n","timestamp":"2022-01-28T07:03:23.193Z"}
{"level":"info","message":"::1 - - [Fri, 28 Jan 2022 07:03:35 GMT] Protocol - http \"POST /customer/updateData HTTP/1.1\" 200 1689 94.043 ms \"-\" \"PostmanRuntime/7.29.0\"\n","timestamp":"2022-01-28T07:03:35.455Z"}
{"level":"info","message":"::1 - - [Fri, 28 Jan 2022 07:04:02 GMT] Protocol - http \"POST /customer/updateData HTTP/1.1\" 200 1689 93.210 ms \"-\" \"PostmanRuntime/7.29.0\"\n","timestamp":"2022-01-28T07:04:02.901Z"}
{"level":"info","message":"::1 - - [Fri, 28 Jan 2022 07:04:31 GMT] Protocol - http \"POST /customer/updateData HTTP/1.1\" 200 1689 75.396 ms \"-\" \"PostmanRuntime/7.29.0\"\n","timestamp":"2022-01-28T07:04:31.055Z"}
{"level":"info","message":"::1 - - [Fri, 28 Jan 2022 07:04:53 GMT] Protocol - http \"POST /customer/updateData HTTP/1.1\" 500 59 63.679 ms \"-\" \"PostmanRuntime/7.29.0\"\n","timestamp":"2022-01-28T07:04:53.768Z"}
{"level":"info","message":"::1 - - [Fri, 28 Jan 2022 07:05:48 GMT] Protocol - http \"POST /customer/updateData HTTP/1.1\" 200 1689 82.739 ms \"-\" \"PostmanRuntime/7.29.0\"\n","timestamp":"2022-01-28T07:05:48.886Z"}
{"level":"info","message":"::1 - - [Fri, 28 Jan 2022 07:06:40 GMT] Protocol - http \"POST /customer/updateData HTTP/1.1\" 500 59 59.717 ms \"-\" \"PostmanRuntime/7.29.0\"\n","timestamp":"2022-01-28T07:06:40.009Z"}
{"level":"info","message":"::1 - - [Fri, 28 Jan 2022 07:08:10 GMT] Protocol - http \"POST /customer/updateData HTTP/1.1\" 200 1689 1154.258 ms \"-\" \"PostmanRuntime/7.29.0\"\n","timestamp":"2022-01-28T07:08:10.927Z"}
{"level":"info","message":"::1 - - [Fri, 28 Jan 2022 07:08:50 GMT] Protocol - http \"POST /customer/updateData HTTP/1.1\" 200 1689 96.927 ms \"-\" \"PostmanRuntime/7.29.0\"\n","timestamp":"2022-01-28T07:08:50.412Z"}
{"level":"info","message":"::1 - - [Fri, 28 Jan 2022 07:09:03 GMT] Protocol - http \"POST /customer/updateData HTTP/1.1\" 500 59 52.327 ms \"-\" \"PostmanRuntime/7.29.0\"\n","timestamp":"2022-01-28T07:09:03.034Z"}
{"level":"info","message":"::1 - - [Fri, 28 Jan 2022 07:09:40 GMT] Protocol - http \"POST /customer/updateData HTTP/1.1\" 200 1689 78.342 ms \"-\" \"PostmanRuntime/7.29.0\"\n","timestamp":"2022-01-28T07:09:40.254Z"}
{"level":"info","message":"::1 - - [Fri, 28 Jan 2022 07:10:42 GMT] Protocol - http \"POST /customer/updateData HTTP/1.1\" 200 1689 131.255 ms \"-\" \"PostmanRuntime/7.29.0\"\n","timestamp":"2022-01-28T07:10:42.277Z"}
{"level":"info","message":"::1 - - [Fri, 28 Jan 2022 07:12:06 GMT] Protocol - http \"POST /customer/updateData HTTP/1.1\" 200 1689 118.228 ms \"-\" \"PostmanRuntime/7.29.0\"\n","timestamp":"2022-01-28T07:12:06.244Z"}
{"level":"info","message":"::1 - - [Fri, 28 Jan 2022 07:12:44 GMT] Protocol - http \"POST /customer/updateData HTTP/1.1\" 200 1689 113.070 ms \"-\" \"PostmanRuntime/7.29.0\"\n","timestamp":"2022-01-28T07:12:44.270Z"}
{"level":"info","message":"::1 - - [Fri, 28 Jan 2022 07:13:10 GMT] Protocol - http \"POST /customer/updateData HTTP/1.1\" 200 1689 96.973 ms \"-\" \"PostmanRuntime/7.29.0\"\n","timestamp":"2022-01-28T07:13:10.683Z"}
{"level":"info","message":"::1 - - [Fri, 28 Jan 2022 07:14:59 GMT] Protocol - http \"POST /customer/updateData HTTP/1.1\" 500 59 35.685 ms \"-\" \"PostmanRuntime/7.29.0\"\n","timestamp":"2022-01-28T07:14:59.649Z"}
{"level":"info","message":"::1 - - [Fri, 28 Jan 2022 07:15:21 GMT] Protocol - http \"POST /customer/updateData HTTP/1.1\" 200 1689 85.192 ms \"-\" \"PostmanRuntime/7.29.0\"\n","timestamp":"2022-01-28T07:15:21.223Z"}
{"level":"info","message":"::1 - - [Fri, 28 Jan 2022 07:16:02 GMT] Protocol - http \"POST /customer/updateData HTTP/1.1\" 200 1689 2091.748 ms \"-\" \"PostmanRuntime/7.29.0\"\n","timestamp":"2022-01-28T07:16:02.897Z"}
{"level":"info","message":"::1 - - [Fri, 28 Jan 2022 07:16:55 GMT] Protocol - http \"POST /customer/updateData HTTP/1.1\" 200 1689 89.150 ms \"-\" \"PostmanRuntime/7.29.0\"\n","timestamp":"2022-01-28T07:16:55.965Z"}
{"level":"info","message":"::1 - - [Fri, 28 Jan 2022 07:17:18 GMT] Protocol - http \"POST /customer/updateData HTTP/1.1\" 200 1689 72.072 ms \"-\" \"PostmanRuntime/7.29.0\"\n","timestamp":"2022-01-28T07:17:18.022Z"}
{"level":"info","message":"::1 - - [Fri, 28 Jan 2022 07:17:30 GMT] Protocol - http \"POST /customer/updateData HTTP/1.1\" 200 1689 95.763 ms \"-\" \"PostmanRuntime/7.29.0\"\n","timestamp":"2022-01-28T07:17:30.085Z"}
{"level":"info","message":"::1 - - [Fri, 28 Jan 2022 07:17:45 GMT] Protocol - http \"POST /customer/updateData HTTP/1.1\" 200 1689 88.737 ms \"-\" \"PostmanRuntime/7.29.0\"\n","timestamp":"2022-01-28T07:17:45.772Z"}
{"level":"info","message":"::1 - - [Fri, 28 Jan 2022 07:18:17 GMT] Protocol - http \"POST /customer/updateData HTTP/1.1\" 200 1689 42.886 ms \"-\" \"PostmanRuntime/7.29.0\"\n","timestamp":"2022-01-28T07:18:17.857Z"}
{"level":"info","message":"::1 - - [Fri, 28 Jan 2022 07:18:26 GMT] Protocol - http \"POST /customer/updateData HTTP/1.1\" 200 1689 184.304 ms \"-\" \"PostmanRuntime/7.29.0\"\n","timestamp":"2022-01-28T07:18:26.672Z"}
{"level":"info","message":"::1 - - [Fri, 28 Jan 2022 07:21:12 GMT] Protocol - http \"POST /customer/updateData HTTP/1.1\" 200 1687 72.391 ms \"-\" \"PostmanRuntime/7.29.0\"\n","timestamp":"2022-01-28T07:21:12.953Z"}
{"level":"info","message":"::1 - - [Fri, 28 Jan 2022 07:21:40 GMT] Protocol - http \"POST /customer/updateData HTTP/1.1\" 200 1687 1992.146 ms \"-\" \"PostmanRuntime/7.29.0\"\n","timestamp":"2022-01-28T07:21:40.272Z"}
{"level":"info","message":"::1 - - [Fri, 28 Jan 2022 07:21:50 GMT] Protocol - http \"POST /customer/updateData HTTP/1.1\" 200 1687 30.600 ms \"-\" \"PostmanRuntime/7.29.0\"\n","timestamp":"2022-01-28T07:21:50.434Z"}
{"level":"info","message":"::1 - - [Fri, 28 Jan 2022 07:22:01 GMT] Protocol - http \"POST /customer/updateData HTTP/1.1\" 200 1685 41.361 ms \"-\" \"PostmanRuntime/7.29.0\"\n","timestamp":"2022-01-28T07:22:01.927Z"}
{"level":"info","message":"::1 - - [Fri, 28 Jan 2022 07:23:18 GMT] Protocol - http \"POST /customer/updateData HTTP/1.1\" 200 1687 1131.611 ms \"-\" \"PostmanRuntime/7.29.0\"\n","timestamp":"2022-01-28T07:23:18.050Z"}
{"level":"info","message":"::1 - - [Fri, 28 Jan 2022 07:24:18 GMT] Protocol - http \"POST /customer/updateData HTTP/1.1\" 200 1687 1066.822 ms \"-\" \"PostmanRuntime/7.29.0\"\n","timestamp":"2022-01-28T07:24:18.927Z"}
{"level":"info","message":"::1 - - [Fri, 28 Jan 2022 07:24:40 GMT] Protocol - http \"POST /customer/updateData HTTP/1.1\" 200 1691 1069.834 ms \"-\" \"PostmanRuntime/7.29.0\"\n","timestamp":"2022-01-28T07:24:40.919Z"}
{"level":"info","message":"::1 - - [Fri, 28 Jan 2022 07:27:07 GMT] Protocol - http \"POST /customer/updateData HTTP/1.1\" 200 1686 1072.971 ms \"-\" \"PostmanRuntime/7.29.0\"\n","timestamp":"2022-01-28T07:27:07.028Z"}
{"level":"info","message":"::1 - - [Fri, 28 Jan 2022 07:32:32 GMT] Protocol - http \"POST /customer/updateData HTTP/1.1\" - - - ms \"-\" \"PostmanRuntime/7.29.0\"\n","timestamp":"2022-01-28T07:32:32.440Z"}
{"level":"info","message":"::1 - - [Fri, 28 Jan 2022 07:34:54 GMT] Protocol - http \"POST /customer/updateData HTTP/1.1\" 200 1688 82.572 ms \"-\" \"PostmanRuntime/7.29.0\"\n","timestamp":"2022-01-28T07:34:54.510Z"}
{"level":"info","message":"::1 - - [Fri, 28 Jan 2022 07:35:39 GMT] Protocol - http \"POST /customer/updateData HTTP/1.1\" - - - ms \"-\" \"PostmanRuntime/7.29.0\"\n","timestamp":"2022-01-28T07:35:39.007Z"}
{"level":"info","message":"::1 - - [Fri, 28 Jan 2022 07:36:59 GMT] Protocol - http \"POST /customer/updateData HTTP/1.1\" 200 1688 101.096 ms \"-\" \"PostmanRuntime/7.29.0\"\n","timestamp":"2022-01-28T07:36:59.672Z"}
{"level":"info","message":"::1 - - [Fri, 28 Jan 2022 07:37:07 GMT] Protocol - http \"POST /customer/updateData HTTP/1.1\" 200 1688 38.345 ms \"-\" \"PostmanRuntime/7.29.0\"\n","timestamp":"2022-01-28T07:37:07.598Z"}
{"level":"info","message":"::1 - - [Fri, 28 Jan 2022 07:40:10 GMT] Protocol - http \"POST /customer/addData HTTP/1.1\" 200 1844 2068.187 ms \"-\" \"PostmanRuntime/7.29.0\"\n","timestamp":"2022-01-28T07:40:10.436Z"}
{"level":"info","message":"::1 - - [Fri, 28 Jan 2022 10:50:58 GMT] Protocol - http \"POST /customer/addData HTTP/1.1\" 200 1998 100.852 ms \"-\" \"PostmanRuntime/7.29.0\"\n","timestamp":"2022-01-28T10:50:58.550Z"}
{"level":"info","message":"::1 - - [Fri, 28 Jan 2022 10:52:19 GMT] Protocol - http \"POST /customer/updateData HTTP/1.1\" 200 1997 1092.946 ms \"-\" \"PostmanRuntime/7.29.0\"\n","timestamp":"2022-01-28T10:52:19.008Z"}
{"level":"info","message":"::1 - - [Mon, 31 Jan 2022 06:55:28 GMT] Protocol - http \"POST /customer/addData HTTP/1.1\" 200 1997 1127.191 ms \"-\" \"PostmanRuntime/7.29.0\"\n","timestamp":"2022-01-31T06:55:28.090Z"}
{"level":"info","message":"::1 - - [Mon, 31 Jan 2022 06:56:39 GMT] Protocol - http \"POST /customer/addData HTTP/1.1\" 200 2170 1071.591 ms \"-\" \"PostmanRuntime/7.29.0\"\n","timestamp":"2022-01-31T06:56:39.381Z"}
{"level":"info","message":"::1 - - [Mon, 31 Jan 2022 07:02:22 GMT] Protocol - http \"POST /customer/addData HTTP/1.1\" 404 156 38.160 ms \"-\" \"PostmanRuntime/7.29.0\"\n","timestamp":"2022-01-31T07:02:22.154Z"}
{"level":"info","message":"::1 - - [Mon, 31 Jan 2022 07:03:08 GMT] Protocol - http \"POST /customer/addUpdateData HTTP/1.1\" 200 2340 54.699 ms \"-\" \"PostmanRuntime/7.29.0\"\n","timestamp":"2022-01-31T07:03:08.681Z"}
{"level":"info","message":"::1 - - [Mon, 31 Jan 2022 07:03:30 GMT] Protocol - http \"POST /customer/addUpdateData HTTP/1.1\" 200 2347 1069.981 ms \"-\" \"PostmanRuntime/7.29.0\"\n","timestamp":"2022-01-31T07:03:30.485Z"}
{"level":"info","message":"::1 - - [Tue, 29 Oct 2024 16:35:05 GMT] Protocol - http \"GET /users HTTP/1.1\" 200 162 40.079 ms \"-\" \"Mozilla/5.0 (Macintosh; Intel Mac OS X 10_15_7) AppleWebKit/537.36 (KHTML, like Gecko) Chrome/130.0.0.0 Safari/537.36\"\n","timestamp":"2024-10-29T16:35:05.174Z"}
{"level":"info","message":"::1 - - [Tue, 29 Oct 2024 16:35:05 GMT] Protocol - http \"GET /favicon.ico HTTP/1.1\" 404 150 3.734 ms \"http://localhost:3030/users\" \"Mozilla/5.0 (Macintosh; Intel Mac OS X 10_15_7) AppleWebKit/537.36 (KHTML, like Gecko) Chrome/130.0.0.0 Safari/537.36\"\n","timestamp":"2024-10-29T16:35:05.240Z"}
{"level":"info","message":"::1 - - [Tue, 29 Oct 2024 20:19:56 GMT] Protocol - http \"GET /users HTTP/1.1\" 500 1309 8.124 ms \"-\" \"Mozilla/5.0 (Macintosh; Intel Mac OS X 10_15_7) AppleWebKit/537.36 (KHTML, like Gecko) Chrome/130.0.0.0 Safari/537.36\"\n","timestamp":"2024-10-29T20:19:56.156Z"}
{"level":"info","message":"::1 - - [Wed, 30 Oct 2024 04:35:42 GMT] Protocol - http \"GET /users HTTP/1.1\" 500 1309 4.700 ms \"-\" \"Mozilla/5.0 (Macintosh; Intel Mac OS X 10_15_7) AppleWebKit/537.36 (KHTML, like Gecko) Chrome/130.0.0.0 Safari/537.36\"\n","timestamp":"2024-10-30T04:35:42.908Z"}
{"level":"info","message":"::1 - - [Wed, 30 Oct 2024 04:35:47 GMT] Protocol - http \"GET / HTTP/1.1\" 404 139 2.649 ms \"-\" \"Mozilla/5.0 (Macintosh; Intel Mac OS X 10_15_7) AppleWebKit/537.36 (KHTML, like Gecko) Chrome/130.0.0.0 Safari/537.36\"\n","timestamp":"2024-10-30T04:35:47.322Z"}
{"level":"info","message":"::1 - - [Wed, 30 Oct 2024 04:43:38 GMT] Protocol - http \"GET / HTTP/1.1\" 404 139 5.253 ms \"-\" \"Mozilla/5.0 (Macintosh; Intel Mac OS X 10_15_7) AppleWebKit/537.36 (KHTML, like Gecko) Chrome/130.0.0.0 Safari/537.36\"\n","timestamp":"2024-10-30T04:43:38.616Z"}
{"level":"info","message":"::1 - - [Wed, 30 Oct 2024 04:43:42 GMT] Protocol - http \"GET /users HTTP/1.1\" 500 1345 3.814 ms \"-\" \"Mozilla/5.0 (Macintosh; Intel Mac OS X 10_15_7) AppleWebKit/537.36 (KHTML, like Gecko) Chrome/130.0.0.0 Safari/537.36\"\n","timestamp":"2024-10-30T04:43:42.815Z"}
{"level":"info","message":"::1 - - [Wed, 30 Oct 2024 04:54:17 GMT] Protocol - http \"GET /users HTTP/1.1\" 200 162 40.954 ms \"-\" \"Mozilla/5.0 (Macintosh; Intel Mac OS X 10_15_7) AppleWebKit/537.36 (KHTML, like Gecko) Chrome/130.0.0.0 Safari/537.36\"\n","timestamp":"2024-10-30T04:54:17.216Z"}
{"level":"info","message":"::1 - - [Wed, 30 Oct 2024 05:24:44 GMT] Protocol - http \"GET /users HTTP/1.1\" 304 - 34.301 ms \"-\" \"Mozilla/5.0 (Macintosh; Intel Mac OS X 10_15_7) AppleWebKit/537.36 (KHTML, like Gecko) Chrome/130.0.0.0 Safari/537.36\"\n","timestamp":"2024-10-30T05:24:44.167Z"}
